[0.007s] Invoking command in '/ws_moveit/build/ur_simulation_gazebo': AMENT_PREFIX_PATH=/ws_moveit/install/ur_description:${AMENT_PREFIX_PATH} CMAKE_PREFIX_PATH=/ws_moveit/install/ur_description:/opt/ros/humble /usr/bin/cmake /ws_moveit/src/Universal_Robots_ROS2_Gazebo_Simulation/ur_simulation_gazebo -DCMAKE_INSTALL_PREFIX=/ws_moveit/install/ur_simulation_gazebo
[0.049s] -- The C compiler identification is GNU 11.4.0
[0.096s] -- The CXX compiler identification is GNU 11.4.0
[0.102s] -- Detecting C compiler ABI info
[0.157s] -- Detecting C compiler ABI info - done
[0.162s] -- Check for working C compiler: /usr/bin/cc - skipped
[0.163s] -- Detecting C compile features
[0.163s] -- Detecting C compile features - done
[0.165s] -- Detecting CXX compiler ABI info
[0.226s] -- Detecting CXX compiler ABI info - done
[0.233s] -- Check for working CXX compiler: /usr/bin/c++ - skipped
[0.233s] -- Detecting CXX compile features
[0.234s] -- Detecting CXX compile features - done
[0.237s] -- Found ament_cmake: 1.3.11 (/opt/ros/humble/share/ament_cmake/cmake)
[0.370s] -- Found Python3: /usr/bin/python3 (found version "3.10.12") found components: Interpreter 
[0.450s] -- Found launch_testing_ament_cmake: 1.0.9 (/opt/ros/humble/share/launch_testing_ament_cmake/cmake)
[0.452s] -- Found python_cmake_module: 0.10.0 (/opt/ros/humble/share/python_cmake_module/cmake)
[0.472s] -- Found PythonInterp: /usr/bin/python3 (found suitable version "3.10.12", minimum required is "3.6") 
[0.483s] -- Found PythonLibs: /usr/lib/x86_64-linux-gnu/libpython3.10.so (found suitable version "3.10.12", minimum required is "3.5") 
[0.483s] -- Using PYTHON_EXECUTABLE: /usr/bin/python3
[0.483s] -- Using PYTHON_INCLUDE_DIRS: /usr/include/python3.10
[0.483s] -- Using PYTHON_LIBRARIES: /usr/lib/x86_64-linux-gnu/libpython3.10.so
[0.502s] -- Found PythonExtra: .so  
[0.505s] -- Found ament_cmake_pytest: 1.3.11 (/opt/ros/humble/share/ament_cmake_pytest/cmake)
[0.568s] -- Configuring done
[0.571s] -- Generating done
[0.572s] -- Build files have been written to: /ws_moveit/build/ur_simulation_gazebo
[0.577s] Invoked command in '/ws_moveit/build/ur_simulation_gazebo' returned '0': AMENT_PREFIX_PATH=/ws_moveit/install/ur_description:${AMENT_PREFIX_PATH} CMAKE_PREFIX_PATH=/ws_moveit/install/ur_description:/opt/ros/humble /usr/bin/cmake /ws_moveit/src/Universal_Robots_ROS2_Gazebo_Simulation/ur_simulation_gazebo -DCMAKE_INSTALL_PREFIX=/ws_moveit/install/ur_simulation_gazebo
[0.579s] Invoking command in '/ws_moveit/build/ur_simulation_gazebo': AMENT_PREFIX_PATH=/ws_moveit/install/ur_description:${AMENT_PREFIX_PATH} CMAKE_PREFIX_PATH=/ws_moveit/install/ur_description:/opt/ros/humble /usr/bin/cmake --build /ws_moveit/build/ur_simulation_gazebo -- -j12 -l12
[0.611s] Invoked command in '/ws_moveit/build/ur_simulation_gazebo' returned '0': AMENT_PREFIX_PATH=/ws_moveit/install/ur_description:${AMENT_PREFIX_PATH} CMAKE_PREFIX_PATH=/ws_moveit/install/ur_description:/opt/ros/humble /usr/bin/cmake --build /ws_moveit/build/ur_simulation_gazebo -- -j12 -l12
[0.613s] Invoking command in '/ws_moveit/build/ur_simulation_gazebo': AMENT_PREFIX_PATH=/ws_moveit/install/ur_description:${AMENT_PREFIX_PATH} CMAKE_PREFIX_PATH=/ws_moveit/install/ur_description:/opt/ros/humble /usr/bin/cmake --install /ws_moveit/build/ur_simulation_gazebo
[0.619s] -- Install configuration: ""
[0.619s] -- Installing: /ws_moveit/install/ur_simulation_gazebo/share/ur_simulation_gazebo/config
[0.619s] -- Installing: /ws_moveit/install/ur_simulation_gazebo/share/ur_simulation_gazebo/config/ur_controllers.yaml
[0.619s] -- Installing: /ws_moveit/install/ur_simulation_gazebo/share/ur_simulation_gazebo/launch
[0.620s] -- Installing: /ws_moveit/install/ur_simulation_gazebo/share/ur_simulation_gazebo/launch/ur_sim_moveit.launch.py
[0.620s] -- Installing: /ws_moveit/install/ur_simulation_gazebo/share/ur_simulation_gazebo/launch/ur_sim_control.launch.py
[0.620s] -- Installing: /ws_moveit/install/ur_simulation_gazebo/share/ament_index/resource_index/package_run_dependencies/ur_simulation_gazebo
[0.620s] -- Installing: /ws_moveit/install/ur_simulation_gazebo/share/ament_index/resource_index/parent_prefix_path/ur_simulation_gazebo
[0.620s] -- Installing: /ws_moveit/install/ur_simulation_gazebo/share/ur_simulation_gazebo/environment/ament_prefix_path.sh
[0.620s] -- Installing: /ws_moveit/install/ur_simulation_gazebo/share/ur_simulation_gazebo/environment/ament_prefix_path.dsv
[0.620s] -- Installing: /ws_moveit/install/ur_simulation_gazebo/share/ur_simulation_gazebo/environment/path.sh
[0.620s] -- Installing: /ws_moveit/install/ur_simulation_gazebo/share/ur_simulation_gazebo/environment/path.dsv
[0.620s] -- Installing: /ws_moveit/install/ur_simulation_gazebo/share/ur_simulation_gazebo/local_setup.bash
[0.620s] -- Installing: /ws_moveit/install/ur_simulation_gazebo/share/ur_simulation_gazebo/local_setup.sh
[0.620s] -- Installing: /ws_moveit/install/ur_simulation_gazebo/share/ur_simulation_gazebo/local_setup.zsh
[0.620s] -- Installing: /ws_moveit/install/ur_simulation_gazebo/share/ur_simulation_gazebo/local_setup.dsv
[0.621s] -- Installing: /ws_moveit/install/ur_simulation_gazebo/share/ur_simulation_gazebo/package.dsv
[0.621s] -- Installing: /ws_moveit/install/ur_simulation_gazebo/share/ament_index/resource_index/packages/ur_simulation_gazebo
[0.621s] -- Installing: /ws_moveit/install/ur_simulation_gazebo/share/ur_simulation_gazebo/cmake/ur_simulation_gazeboConfig.cmake
[0.621s] -- Installing: /ws_moveit/install/ur_simulation_gazebo/share/ur_simulation_gazebo/cmake/ur_simulation_gazeboConfig-version.cmake
[0.621s] -- Installing: /ws_moveit/install/ur_simulation_gazebo/share/ur_simulation_gazebo/package.xml
[0.623s] Invoked command in '/ws_moveit/build/ur_simulation_gazebo' returned '0': AMENT_PREFIX_PATH=/ws_moveit/install/ur_description:${AMENT_PREFIX_PATH} CMAKE_PREFIX_PATH=/ws_moveit/install/ur_description:/opt/ros/humble /usr/bin/cmake --install /ws_moveit/build/ur_simulation_gazebo
